<?xml version="1.0" encoding="UTF-8"?>
<!-- Generated by org.testng.reporters.JUnitReportReporter -->
<testsuite hostname="DESKTOP-71BU58D" name="testCases.HybridExecuteTest" tests="10" failures="0" timestamp="7 Apr 2019 11:45:28 GMT" time="16.725" errors="0">
  <testcase name="testLogin" time="4.835" classname="testCases.HybridExecuteTest"/>
  <testcase name="testLogin" time="0.120" classname="testCases.HybridExecuteTest"/>
  <testcase name="testLogin" time="0.096" classname="testCases.HybridExecuteTest"/>
  <testcase name="testLogin" time="4.139" classname="testCases.HybridExecuteTest"/>
  <testcase name="testLogin" time="0.098" classname="testCases.HybridExecuteTest"/>
  <testcase name="testLogin" time="2.165" classname="testCases.HybridExecuteTest"/>
  <testcase name="testLogin" time="0.087" classname="testCases.HybridExecuteTest"/>
  <testcase name="testLogin" time="2.435" classname="testCases.HybridExecuteTest"/>
  <testcase name="testLogin" time="0.078" classname="testCases.HybridExecuteTest"/>
  <testcase name="testLogin" time="2.672" classname="testCases.HybridExecuteTest"/>
</testsuite> <!-- testCases.HybridExecuteTest -->
